<?xml version="1.0" encoding="UTF-8"?>
<!-- Generated by org.testng.reporters.JUnitReportReporter -->
<testsuite hostname="LAPTOP-FOVORD90" failures="0" tests="1" name="testng.AutoIT" time="0.103" errors="0" timestamp="2024-12-13T11:39:02 IST" skipped="0">
  <testcase classname="testng.AutoIT" name="test1" time="0.103"/>
</testsuite> <!-- testng.AutoIT -->
