<?xml version="1.0" encoding="UTF-8"?>
<!-- Generated by org.testng.reporters.JUnitReportReporter -->
<testsuite hostname="LAPTOP-FOVORD90" failures="0" tests="1" name="testng.Windowhandleprog" time="85.380" errors="0" timestamp="2024-12-26T16:26:25 IST" skipped="0">
  <testcase classname="testng.Windowhandleprog" name="test" time="85.380"/>
</testsuite> <!-- testng.Windowhandleprog -->
