<?xml version="1.0" encoding="UTF-8"?>
<!-- Generated by org.testng.reporters.JUnitReportReporter -->
<testsuite hostname="LAPTOP-FOVORD90" failures="0" tests="1" name="testng.Scrolldown" time="3.432" errors="0" timestamp="2024-12-22T23:35:32 IST" skipped="0">
  <testcase classname="testng.Scrolldown" name="test1" time="3.432"/>
</testsuite> <!-- testng.Scrolldown -->
