<?xml version="1.0" encoding="UTF-8"?>
<!-- Generated by org.testng.reporters.JUnitReportReporter -->
<testsuite hostname="LAPTOP-FOVORD90" failures="0" tests="1" name="testng.Paramtranotatn" time="0.014" errors="0" timestamp="2024-12-16T23:24:22 IST" skipped="0">
  <testcase classname="testng.Paramtranotatn" name="main" time="0.014"/>
</testsuite> <!-- testng.Paramtranotatn -->
