<?xml version="1.0" encoding="UTF-8"?>
<!-- Generated by org.testng.reporters.JUnitReportReporter -->
<testsuite hostname="LAPTOP-FOVORD90" failures="0" tests="1" name="testng.Fileuplodsendkeys" time="23.448" errors="0" timestamp="2024-12-13T12:42:41 IST" skipped="0">
  <testcase classname="testng.Fileuplodsendkeys" name="test" time="23.448"/>
</testsuite> <!-- testng.Fileuplodsendkeys -->
