<?xml version="1.0" encoding="UTF-8"?>
<!-- Generated by org.testng.reporters.JUnitReportReporter -->
<testsuite hostname="LAPTOP-FOVORD90" failures="0" tests="1" name="testng.Windowhandle" time="8.636" errors="0" timestamp="2024-12-22T23:44:15 IST" skipped="0">
  <testcase classname="testng.Windowhandle" name="test" time="8.636"/>
</testsuite> <!-- testng.Windowhandle -->
