<?xml version="1.0" encoding="UTF-8"?>
<!-- Generated by org.testng.reporters.JUnitReportReporter -->
<testsuite hostname="LAPTOP-FOVORD90" failures="0" tests="1" name="testng.Fileupload" time="6.349" errors="0" timestamp="2024-12-12T13:07:49 IST" skipped="0">
  <testcase classname="testng.Fileupload" name="test" time="6.349"/>
</testsuite> <!-- testng.Fileupload -->
