<?xml version="1.0" encoding="UTF-8"?>
<!-- Generated by org.testng.reporters.JUnitReportReporter -->
<testsuite hostname="LAPTOP-FOVORD90" failures="0" tests="1" name="testng.Mousehover" time="7.015" errors="0" timestamp="2024-12-09T13:07:59 IST" skipped="0">
  <testcase classname="testng.Mousehover" name="test1" time="7.015"/>
</testsuite> <!-- testng.Mousehover -->
