<?xml version="1.0" encoding="UTF-8"?>
<!-- Generated by org.testng.reporters.JUnitReportReporter -->
<testsuite hostname="LAPTOP-FOVORD90" failures="0" tests="1" name="test.Pagefactrytst" time="3.458" errors="0" timestamp="2024-12-16T12:58:10 IST" skipped="0">
  <testcase classname="test.Pagefactrytst" name="test" time="3.458"/>
</testsuite> <!-- test.Pagefactrytst -->
