<?xml version="1.0" encoding="UTF-8"?>
<!-- Generated by org.testng.reporters.JUnitReportReporter -->
<testsuite hostname="LAPTOP-FOVORD90" failures="0" tests="1" name="testng.Datadriventesting" time="6.075" errors="0" timestamp="2024-12-11T13:14:51 IST" skipped="0">
  <testcase classname="testng.Datadriventesting" name="test" time="6.075"/>
</testsuite> <!-- testng.Datadriventesting -->
