<?xml version="1.0" encoding="UTF-8"?>
<!-- Generated by org.testng.reporters.JUnitReportReporter -->
<testsuite hostname="LAPTOP-FOVORD90" failures="0" tests="1" name="test.Fblogintst" time="5.886" errors="0" timestamp="2024-12-16T12:38:40 IST" skipped="0">
  <testcase classname="test.Fblogintst" name="test" time="5.886"/>
</testsuite> <!-- test.Fblogintst -->
