<?xml version="1.0" encoding="UTF-8"?>
<!-- Generated by org.testng.reporters.JUnitReportReporter -->
<testsuite hostname="LAPTOP-FOVORD90" failures="0" tests="3" name="testng.Grupingtestng" time="0.020" errors="0" timestamp="2024-12-06T12:38:58 IST" skipped="0">
  <testcase classname="testng.Grupingtestng" name="main4" time="0.003"/>
  <testcase classname="testng.Grupingtestng" name="main1" time="0.015"/>
  <testcase classname="testng.Grupingtestng" name="main2" time="0.002"/>
</testsuite> <!-- testng.Grupingtestng -->
