<?xml version="1.0" encoding="UTF-8"?>
<!-- Generated by org.testng.reporters.JUnitReportReporter -->
<testsuite hostname="LAPTOP-FOVORD90" failures="0" tests="5" name="testng.Features" time="0.017" errors="0" timestamp="2024-12-17T00:00:04 IST" skipped="1">
  <testcase classname="testng.Features" name="test3" time="0.002"/>
  <testcase classname="testng.Features" name="test2" time="0.004"/>
  <testcase classname="testng.Features" name="test2" time="0.002"/>
  <testcase classname="testng.Features" name="test2" time="0.009"/>
  <testcase classname="testng.Features" name="test1">
    <skipped/>
  </testcase> <!-- test1 -->
</testsuite> <!-- testng.Features -->
