<?xml version="1.0" encoding="UTF-8"?>
<!-- Generated by org.testng.reporters.JUnitReportReporter -->
<testsuite hostname="LAPTOP-FOVORD90" failures="0" tests="1" name="testng.Action" time="4.390" errors="0" timestamp="2024-12-06T12:38:23 IST" skipped="0">
  <testcase classname="testng.Action" name="test1" time="4.390"/>
</testsuite> <!-- testng.Action -->
