<?xml version="1.0" encoding="UTF-8"?>
<!-- Generated by org.testng.reporters.JUnitReportReporter -->
<testsuite hostname="LAPTOP-FOVORD90" failures="0" tests="1" name="testng.Blazedemo" time="5.721" errors="0" timestamp="2024-12-26T16:33:52 IST" skipped="0">
  <testcase classname="testng.Blazedemo" name="test" time="5.721"/>
</testsuite> <!-- testng.Blazedemo -->
