<?xml version="1.0" encoding="UTF-8"?>
<!-- Generated by org.testng.reporters.JUnitReportReporter -->
<testsuite hostname="LAPTOP-FOVORD90" failures="0" tests="1" name="testng.Dragdrop" time="13.257" errors="0" timestamp="2024-12-09T12:20:05 IST" skipped="0">
  <testcase classname="testng.Dragdrop" name="test1" time="13.257"/>
</testsuite> <!-- testng.Dragdrop -->
