<?xml version="1.0" encoding="UTF-8"?>
<!-- Generated by org.testng.reporters.JUnitReportReporter -->
<testsuite hostname="LAPTOP-FOVORD90" failures="0" tests="1" name="testng.Guru" time="4.502" errors="0" timestamp="2024-12-06T13:32:02 IST" skipped="0">
  <testcase classname="testng.Guru" name="test1" time="4.502"/>
</testsuite> <!-- testng.Guru -->
